<?xml version="1.0" encoding="utf-8"?><testsuites name="pytest tests"><testsuite name="pytest" errors="0" failures="0" skipped="0" tests="13" time="2.255" timestamp="2026-02-24T23:25:13.263604+00:00" hostname="agent-env-1923b330-fc56-4700-a233-b36db806dfdc"><testcase classname="backend.tests.test_api.TestRootAPI" name="test_root_endpoint" time="0.269" /><testcase classname="backend.tests.test_api.TestDocumentation" name="test_docs_list_returns_array" time="0.143" /><testcase classname="backend.tests.test_api.TestDocumentation" name="test_docs_list_has_required_fields" time="0.151" /><testcase classname="backend.tests.test_api.TestDocumentation" name="test_get_single_doc" time="0.281" /><testcase classname="backend.tests.test_api.TestRoutes" name="test_demo_route_generate" time="0.126" /><testcase classname="backend.tests.test_api.TestRoutes" name="test_demo_route_has_points" time="0.129" /><testcase classname="backend.tests.test_api.TestRoutes" name="test_demo_route_has_keyframes" time="0.137" /><testcase classname="backend.tests.test_api.TestRoutes" name="test_demo_route_total_distance" time="0.144" /><testcase classname="backend.tests.test_api.TestRoutes" name="test_routes_list" time="0.148" /><testcase classname="backend.tests.test_api.TestDronePosition" name="test_get_position" time="0.152" /><testcase classname="backend.tests.test_api.TestDronePosition" name="test_post_position" time="0.280" /><testcase classname="backend.tests.test_api.TestSimulation" name="test_start_simulation" time="0.117" /><testcase classname="backend.tests.test_api.TestFirmware" name="test_firmware_structure" time="0.131" /></testsuite></testsuites>