<?xml version="1.0" encoding="utf-8"?><testsuites name="pytest tests"><testsuite name="pytest" errors="0" failures="1" skipped="0" tests="28" time="4.365" timestamp="2026-02-28T13:14:15.802432+00:00" hostname="agent-env-d197a827-28b9-4135-b51e-f148a4b88a55"><testcase classname="tests.test_api.TestRootAPI" name="test_root_endpoint" time="0.261" /><testcase classname="tests.test_api.TestDocumentation" name="test_docs_list_returns_array" time="0.112" /><testcase classname="tests.test_api.TestDocumentation" name="test_docs_list_has_required_fields" time="0.168" /><testcase classname="tests.test_api.TestDocumentation" name="test_get_single_doc" time="0.156" /><testcase classname="tests.test_api.TestRoutes" name="test_demo_route_generate" time="0.172" /><testcase classname="tests.test_api.TestRoutes" name="test_demo_route_has_points" time="0.117" /><testcase classname="tests.test_api.TestRoutes" name="test_demo_route_has_keyframes" time="0.137" /><testcase classname="tests.test_api.TestRoutes" name="test_demo_route_total_distance" time="0.147" /><testcase classname="tests.test_api.TestRoutes" name="test_routes_list" time="0.112" /><testcase classname="tests.test_api.TestRoutes" name="test_create_and_delete_route" time="0.308" /><testcase classname="tests.test_api.TestRoutes" name="test_delete_nonexistent_route" time="0.129" /><testcase classname="tests.test_api.TestDronePosition" name="test_get_position" time="0.098" /><testcase classname="tests.test_api.TestDronePosition" name="test_post_position" time="0.160" /><testcase classname="tests.test_api.TestSimulation" name="test_start_simulation" time="0.105" /><testcase classname="tests.test_api.TestFirmware" name="test_firmware_structure" time="0.114" /><testcase classname="tests.test_api.TestSensors" name="test_get_sensor_status" time="0.107" /><testcase classname="tests.test_api.TestSensors" name="test_post_sensor_status" time="0.149" /><testcase classname="tests.test_api.TestSmartRTL" name="test_get_smart_rtl_status" time="0.099" /><testcase classname="tests.test_api.TestSmartRTL" name="test_post_smart_rtl_status" time="0.155" /><testcase classname="tests.test_api.TestSmartRTL" name="test_get_smart_rtl_config" time="0.232" /><testcase classname="tests.test_api.TestDocumentationUpdated" name="test_docs_list_count" time="0.108"><failure message="AssertionError: Expected 9 documents, got 10&#10;assert 10 == 9&#10; +  where 10 = len([{'name': '01_raspberry_pi_setup.md', 'path': '/app/docs/01_raspberry_pi_setup.md', 'title': 'Налаштування Raspberry Pi Zero 2 W для Visual Homing'}, {'name': '02_wiring_diagrams.md', 'path': '/app/docs/02_wiring_diagrams.md', 'title': 'Схеми підключення Visual Homing'}, {'name': '03_ardupilot_config.md', 'path': '/app/docs/03_ardupilot_config.md', 'title': 'Конфігурація ArduPilot для Visual Homing + Smart RTL'}, {'name': '04_python_implementation.md', 'path': '/app/docs/04_python_implementation.md', 'title': 'Python реалізація Visual Homing + Smart RTL'}, {'name': '05_cpp_implementation.md', 'path': '/app/docs/05_cpp_implementation.md', 'title': 'C++ реалізація Visual Homing'}, {'name': '06_web_interface.md', 'path': '/app/docs/06_web_interface.md', 'title': 'Веб-інтерфейс моніторингу'}, ...])">tests/test_api.py:377: in test_docs_list_count
    assert len(data) == 9, f"Expected 9 documents, got {len(data)}"
E   AssertionError: Expected 9 documents, got 10
E   assert 10 == 9
E    +  where 10 = len([{'name': '01_raspberry_pi_setup.md', 'path': '/app/docs/01_raspberry_pi_setup.md', 'title': 'Налаштування Raspberry Pi Zero 2 W для Visual Homing'}, {'name': '02_wiring_diagrams.md', 'path': '/app/docs/02_wiring_diagrams.md', 'title': 'Схеми підключення Visual Homing'}, {'name': '03_ardupilot_config.md', 'path': '/app/docs/03_ardupilot_config.md', 'title': 'Конфігурація ArduPilot для Visual Homing + Smart RTL'}, {'name': '04_python_implementation.md', 'path': '/app/docs/04_python_implementation.md', 'title': 'Python реалізація Visual Homing + Smart RTL'}, {'name': '05_cpp_implementation.md', 'path': '/app/docs/05_cpp_implementation.md', 'title': 'C++ реалізація Visual Homing'}, {'name': '06_web_interface.md', 'path': '/app/docs/06_web_interface.md', 'title': 'Веб-інтерфейс моніторингу'}, ...])</failure></testcase><testcase classname="tests.test_api.TestSettings" name="test_get_settings_returns_defaults" time="0.102" /><testcase classname="tests.test_api.TestSettings" name="test_post_settings_updates_config" time="0.244" /><testcase classname="tests.test_api.TestSettings" name="test_reset_settings_restores_defaults" time="0.114" /><testcase classname="tests.test_api.TestStreamStatus" name="test_stream_status_returns_info" time="0.115" /><testcase classname="tests.test_api.TestRouteExport" name="test_export_route_json" time="0.200" /><testcase classname="tests.test_api.TestRouteExport" name="test_export_route_kml" time="0.205" /><testcase classname="tests.test_api.TestRouteExport" name="test_export_nonexistent_route_returns_error" time="0.165" /></testsuite></testsuites>